{
  "RSpec": {
    "coverage": {
      "/Users/rose/Development/code/lacquer-lover/config/environment.rb": [
        null,
        1,
        null,
        null,
        1
      ],
      "/Users/rose/Development/code/lacquer-lover/config/application.rb": [
        1,
        null,
        null,
        1,
        1,
        1,
        1,
        1,
        1,
        null,
        null,
        null,
        null,
        1,
        null,
        1,
        1,
        null,
        null,
        null,
        null,
        null,
        null,
        null,
        null,
        null,
        null,
        null,
        null,
        null
      ],
      "/Users/rose/Development/code/lacquer-lover/config/boot.rb": [
        null,
        1,
        null,
        1
      ],
      "/Users/rose/Development/code/lacquer-lover/config/environments/test.rb": [
        1,
        1,
        1,
        null,
        null,
        null,
        null,
        null,
        null,
        1,
        null,
        null,
        null,
        null,
        1,
        null,
        null,
        1,
        1,
        null,
        null,
        1,
        1,
        null,
        null,
        1,
        null,
        null,
        1,
        null,
        null,
        null,
        null,
        1,
        null,
        null,
        1,
        null,
        null,
        null,
        null
      ],
      "/Users/rose/Development/code/lacquer-lover/config/initializers/assets.rb": [
        null,
        null,
        null,
        1,
        null,
        null,
        null,
        null
      ],
      "/Users/rose/Development/code/lacquer-lover/config/initializers/backtrace_silencers.rb": [
        null,
        null,
        null,
        null,
        null,
        null,
        null
      ],
      "/Users/rose/Development/code/lacquer-lover/config/initializers/cookies_serializer.rb": [
        null,
        null,
        1
      ],
      "/Users/rose/Development/code/lacquer-lover/config/initializers/filter_parameter_logging.rb": [
        null,
        null,
        null,
        1
      ],
      "/Users/rose/Development/code/lacquer-lover/config/initializers/inflections.rb": [
        null,
        null,
        null,
        null,
        null,
        null,
        null,
        null,
        null,
        null,
        null,
        null,
        null,
        null,
        null,
        null
      ],
      "/Users/rose/Development/code/lacquer-lover/config/initializers/mime_types.rb": [
        null,
        null,
        null,
        null
      ],
      "/Users/rose/Development/code/lacquer-lover/config/initializers/omniauth.rb": [
        1,
        null,
        1,
        1,
        null
      ],
      "/Users/rose/Development/code/lacquer-lover/config/initializers/session_store.rb": [
        null,
        null,
        1
      ],
      "/Users/rose/Development/code/lacquer-lover/config/initializers/wrap_parameters.rb": [
        null,
        null,
        null,
        null,
        null,
        null,
        1,
        1,
        null,
        null,
        null,
        null,
        null,
        null
      ],
      "/Users/rose/Development/code/lacquer-lover/config/routes.rb": [
        1,
        null,
        1,
        null,
        null,
        null,
        null,
        1,
        null,
        1,
        1,
        1,
        null,
        1,
        null,
        1,
        null,
        1,
        null,
        1,
        null,
        1,
        null,
        1,
        null,
        1,
        null,
        1,
        null,
        null
      ],
      "/Users/rose/Development/code/lacquer-lover/app/helpers/application_helper.rb": [
        1,
        null,
        1,
        16,
        null,
        null,
        1,
        112,
        16,
        16,
        16,
        null,
        null,
        null,
        null,
        null,
        1,
        33,
        2,
        2,
        1,
        null,
        1,
        null,
        null,
        31,
        null,
        null,
        null
      ],
      "/Users/rose/Development/code/lacquer-lover/app/helpers/friendships_helper.rb": [
        1,
        null
      ],
      "/Users/rose/Development/code/lacquer-lover/app/helpers/lacquers_helper.rb": [
        1,
        null
      ],
      "/Users/rose/Development/code/lacquer-lover/app/helpers/sessions_helper.rb": [
        1,
        null
      ],
      "/Users/rose/Development/code/lacquer-lover/app/helpers/swatches_helper.rb": [
        1,
        null
      ],
      "/Users/rose/Development/code/lacquer-lover/app/helpers/transactions_helper.rb": [
        1,
        null
      ],
      "/Users/rose/Development/code/lacquer-lover/app/helpers/user_lacquers_helper.rb": [
        1,
        null
      ],
      "/Users/rose/Development/code/lacquer-lover/app/helpers/users_helper.rb": [
        1,
        null
      ],
      "/Users/rose/Development/code/lacquer-lover/app/controllers/friendships_controller.rb": [
        1,
        1,
        4,
        4,
        4,
        4,
        4,
        null,
        0,
        null,
        null,
        0,
        0,
        null,
        null,
        1,
        2,
        2,
        2,
        2,
        2,
        2,
        2,
        null,
        0,
        0,
        null,
        null,
        null,
        1,
        3,
        3,
        3,
        null,
        null,
        1,
        0,
        null,
        null
      ],
      "/Users/rose/Development/code/lacquer-lover/app/controllers/application_controller.rb": [
        1,
        null,
        null,
        1,
        null,
        null,
        null,
        null,
        null,
        null,
        null,
        null,
        null,
        null,
        null,
        null,
        1,
        null,
        1,
        1082,
        null,
        1,
        null,
        null
      ],
      "/Users/rose/Development/code/lacquer-lover/app/controllers/lacquers_controller.rb": [
        1,
        1,
        44,
        36,
        null,
        8,
        null,
        null,
        null,
        1,
        null,
        null,
        3,
        3,
        3,
        3,
        1,
        1,
        null,
        null,
        2,
        2,
        2,
        3,
        1,
        null,
        null,
        2,
        3,
        1,
        null,
        null,
        null,
        null,
        3,
        null,
        null,
        1,
        1,
        null,
        null,
        1,
        null,
        8,
        8,
        8,
        1,
        1,
        1,
        1,
        null,
        null,
        7,
        null,
        0,
        0,
        null,
        8,
        8,
        null,
        null,
        1,
        null,
        3,
        3,
        3,
        null,
        3,
        0,
        0,
        null,
        3,
        1,
        null,
        3,
        0,
        0,
        null,
        3,
        3,
        1,
        1,
        2,
        1,
        null,
        null,
        null,
        3,
        1,
        1,
        2,
        1,
        null,
        null,
        null,
        3,
        3,
        null,
        null,
        null,
        null,
        1,
        1,
        3,
        null,
        null,
        null,
        null
      ],
      "/Users/rose/Development/code/lacquer-lover/app/controllers/sessions_controller.rb": [
        1,
        1,
        41,
        41,
        41,
        41,
        null,
        null,
        null,
        null,
        null,
        null,
        null,
        null,
        null,
        null,
        null,
        null,
        null,
        1,
        3,
        3,
        null,
        null,
        null
      ],
      "/Users/rose/Development/code/lacquer-lover/app/controllers/transactions_controller.rb": [
        1,
        null,
        1,
        1,
        null,
        1,
        1,
        1,
        1,
        null,
        1,
        1,
        null,
        1,
        null,
        null,
        1,
        null,
        7,
        7,
        7,
        6,
        null,
        7,
        1,
        null,
        null,
        null,
        null,
        7,
        1,
        null,
        7,
        null,
        4,
        4,
        null,
        null,
        1,
        1,
        1,
        null,
        7,
        null,
        null,
        1,
        null,
        2,
        2,
        2,
        1,
        null,
        1,
        null,
        2,
        null,
        null,
        null,
        null,
        null,
        null,
        null
      ],
      "/Users/rose/Development/code/lacquer-lover/app/controllers/user_lacquers_controller.rb": [
        1,
        null,
        1,
        1,
        1,
        1,
        1,
        null,
        null,
        1,
        null,
        5,
        5,
        4,
        4,
        null,
        1,
        null,
        null,
        5,
        null,
        null,
        1,
        null,
        3,
        null,
        3,
        3,
        2,
        2,
        1,
        null,
        2,
        null,
        1,
        1,
        null,
        null,
        null,
        1,
        1,
        5,
        null,
        null
      ],
      "/Users/rose/Development/code/lacquer-lover/app/controllers/users_controller.rb": [
        1,
        null,
        null,
        null,
        null,
        1,
        6,
        5,
        5,
        null,
        1,
        1,
        null,
        null,
        null,
        null,
        null,
        null,
        null,
        null,
        1,
        54,
        53,
        40,
        40,
        null,
        53,
        2,
        2,
        null,
        53,
        2,
        2,
        null,
        53,
        2,
        2,
        null,
        53,
        53,
        53,
        53,
        53,
        53,
        53,
        53,
        53,
        53,
        null,
        null,
        1,
        1,
        null,
        null,
        null
      ],
      "/Users/rose/Development/code/lacquer-lover/app/models/brand.rb": [
        1,
        1,
        1,
        1,
        null,
        1,
        74,
        null,
        null,
        null
      ],
      "/Users/rose/Development/code/lacquer-lover/app/models/lacquer.rb": [
        1,
        1,
        1,
        null,
        null,
        1,
        1,
        null,
        1,
        1,
        1,
        null,
        null,
        null,
        1,
        4,
        null,
        1,
        4,
        4,
        4,
        4,
        3,
        null,
        null,
        4,
        null,
        null,
        1,
        4,
        4,
        4,
        4,
        3,
        null,
        null,
        4,
        null,
        null,
        1,
        0,
        0,
        0,
        null,
        0,
        null,
        null,
        1,
        0,
        0,
        0,
        null,
        0,
        null,
        null,
        1,
        1,
        null,
        null,
        1,
        1,
        null,
        null
      ],
      "/Users/rose/Development/code/lacquer-lover/app/models/user.rb": [
        1,
        1,
        1,
        1,
        1,
        1,
        1,
        null,
        1,
        null,
        null,
        null,
        null,
        null,
        null,
        null,
        1,
        41,
        41,
        41,
        41,
        41,
        41,
        41,
        null,
        null,
        null,
        1,
        126,
        null,
        null,
        null,
        null,
        null,
        null,
        1,
        144,
        144,
        55,
        null,
        144,
        14,
        null,
        144,
        null,
        null,
        1,
        54,
        54,
        2,
        null,
        54,
        null,
        null,
        1,
        45,
        null,
        null,
        1,
        46,
        46,
        6,
        null,
        46,
        null,
        null,
        1,
        null,
        13,
        13,
        3,
        3,
        null,
        13,
        null,
        null,
        1,
        10,
        null,
        null,
        null,
        null,
        null,
        null,
        1,
        164,
        null,
        null,
        1,
        4,
        null,
        null,
        1,
        4,
        null,
        null,
        1,
        3,
        null,
        null,
        1,
        3,
        null,
        null,
        1,
        1,
        null,
        null,
        1,
        197,
        null,
        null,
        1,
        18,
        null,
        null,
        1,
        16,
        null,
        null,
        1,
        13,
        null,
        null,
        1,
        1,
        null,
        null,
        1,
        55,
        null,
        null,
        null,
        null
      ],
      "/Users/rose/Development/code/lacquer-lover/app/models/user_lacquer.rb": [
        1,
        1,
        1,
        null,
        1,
        1,
        null,
        1,
        1,
        null,
        1,
        1,
        null,
        1,
        1,
        1,
        1,
        1,
        null,
        1,
        null,
        1,
        4,
        4,
        null,
        null,
        1,
        6,
        null,
        null,
        1,
        2,
        2,
        null,
        2,
        2,
        1,
        null,
        null,
        1,
        null,
        null,
        null
      ],
      "/Users/rose/Development/code/lacquer-lover/app/models/swatch.rb": [
        1,
        1,
        1,
        1,
        null,
        1,
        1,
        null,
        null,
        null,
        null,
        null,
        null,
        null,
        null,
        null,
        null
      ],
      "/Users/rose/Development/code/lacquer-lover/app/models/friendship.rb": [
        1,
        1,
        1,
        null,
        1,
        null,
        null,
        1,
        2,
        null,
        null,
        1,
        1,
        null,
        null,
        1,
        17,
        2,
        null,
        null,
        null,
        null,
        null
      ],
      "/Users/rose/Development/code/lacquer-lover/app/models/transaction.rb": [
        1,
        1,
        1,
        null,
        1,
        null,
        1,
        1,
        1,
        1,
        null,
        1,
        null,
        1,
        10,
        10,
        10,
        null,
        null,
        1,
        0,
        null,
        null,
        null,
        1,
        14,
        1,
        null,
        null,
        null,
        1,
        14,
        3,
        null,
        null,
        null,
        1,
        14,
        3,
        null,
        null,
        null,
        1,
        14,
        0,
        null,
        null,
        null,
        1,
        0,
        null,
        null,
        1,
        0,
        null,
        null,
        1,
        0,
        null,
        null,
        1,
        0,
        0,
        null,
        null,
        null
      ],
      "/Users/rose/Development/code/lacquer-lover/app/models/loan.rb": [
        1,
        null
      ],
      "/Users/rose/Development/code/lacquer-lover/app/models/color.rb": [
        1,
        1,
        1,
        1,
        null
      ],
      "/Users/rose/Development/code/lacquer-lover/app/models/finish.rb": [
        1,
        1,
        1,
        1,
        null
      ],
      "/Users/rose/Development/code/lacquer-lover/app/models/user_lacquer_color.rb": [
        1,
        1,
        1,
        null
      ],
      "/Users/rose/Development/code/lacquer-lover/app/models/user_lacquer_finish.rb": [
        1,
        1,
        1,
        null
      ],
      "/Users/rose/Development/code/lacquer-lover/app/controllers/swatches_controller.rb": [
        1,
        1,
        2,
        2,
        2,
        1,
        null,
        1,
        null,
        2,
        null,
        null,
        1,
        1,
        1,
        1,
        1,
        1,
        null,
        null,
        1,
        1,
        2,
        null,
        null
      ]
    },
    "timestamp": 1420583148
  }
}
